E:\C代码\比特62班\20190525\20190525\DEBUG\TEST.OBJ
E:\C代码\比特62班\20190525\20190525\DEBUG\VC110.PDB
E:\C代码\比特62班\20190525\DEBUG\20190525.ILK
E:\C代码\比特62班\20190525\DEBUG\20190525.EXE
E:\C代码\比特62班\20190525\DEBUG\20190525.PDB
E:\C代码\比特62班\20190525\20190525\Debug\test.obj
E:\C代码\比特62班\20190525\20190525\Debug\cl.command.1.tlog
E:\C代码\比特62班\20190525\20190525\Debug\CL.read.1.tlog
E:\C代码\比特62班\20190525\20190525\Debug\CL.write.1.tlog
E:\C代码\比特62班\20190525\20190525\Debug\link-cvtres.read.1.tlog
E:\C代码\比特62班\20190525\20190525\Debug\link-cvtres.write.1.tlog
E:\C代码\比特62班\20190525\20190525\Debug\link-rc.read.1.tlog
E:\C代码\比特62班\20190525\20190525\Debug\link-rc.write.1.tlog
E:\C代码\比特62班\20190525\20190525\Debug\link.command.1.tlog
E:\C代码\比特62班\20190525\20190525\Debug\link.read.1.tlog
E:\C代码\比特62班\20190525\20190525\Debug\link.write.1.tlog
E:\C代码\比特62班\20190525\20190525\Debug\vc110.idb
E:\C代码\比特62班\20190525\20190525\Debug\vc110.pdb
E:\C代码\比特62班\20190525\Debug\20190525.pdb
E:\C代码\比特62班\20190525\Debug\20190525.exe
E:\C代码\比特62班\20190525\Debug\20190525.ilk
